app/build/intermediates/manifest_merge_blame_file/debug/manifest-merger-blame-debug-report.txt
1<?xml version="1.0" encoding="utf-8"?>
2<manifest xmlns:android="http://schemas.android.com/apk/res/android"
3    package="com.yourname.finance"
4    android:versionCode="1"
5    android:versionName="1.0" >
6
7    <uses-sdk
8        android:minSdkVersion="26"
9        android:targetSdkVersion="34" />
10
11    <permission
11-->[androidx.core:core:1.12.0] AndroidManifest.xml:22:5-24:47
12        android:name="com.yourname.finance.DYNAMIC_RECEIVER_NOT_EXPORTED_PERMISSION"
12-->[androidx.core:core:1.12.0] AndroidManifest.xml:23:9-81
13        android:protectionLevel="signature" />
13-->[androidx.core:core:1.12.0] AndroidManifest.xml:24:9-44
14
15    <uses-permission android:name="com.yourname.finance.DYNAMIC_RECEIVER_NOT_EXPORTED_PERMISSION" />
15-->[androidx.core:core:1.12.0] AndroidManifest.xml:26:5-97
15-->[androidx.core:core:1.12.0] AndroidManifest.xml:26:22-94
16
17    <application
17-->src/main/AndroidManifest.xml:5:2-15:16
18        android:name="com.yourname.finance.FinanceApplication"
18-->src/main/AndroidManifest.xml:5:42-76
19        android:allowBackup="true"
19-->src/main/AndroidManifest.xml:5:15-41
20        android:appComponentFactory="androidx.core.app.CoreComponentFactory"
20-->[androidx.core:core:1.12.0] AndroidManifest.xml:28:18-86
21        android:debuggable="true"
22        android:extractNativeLibs="false"
23        android:icon="@mipmap/ic_launcher"
23-->src/main/AndroidManifest.xml:5:169-203
24        android:label="@string/app_name"
24-->src/main/AndroidManifest.xml:5:77-109
25        android:supportsRtl="true"
25-->src/main/AndroidManifest.xml:5:110-136
26        android:theme="@style/AppTheme" >
26-->src/main/AndroidManifest.xml:5:137-168
27        <activity
27-->src/main/AndroidManifest.xml:6:3-11:14
28            android:name="com.yourname.finance.MainActivity"
28-->src/main/AndroidManifest.xml:6:13-41
29            android:exported="true" >
29-->src/main/AndroidManifest.xml:6:42-65
30            <intent-filter>
30-->src/main/AndroidManifest.xml:7:4-10:20
31                <action android:name="android.intent.action.MAIN" />
31-->src/main/AndroidManifest.xml:8:5-57
31-->src/main/AndroidManifest.xml:8:13-54
32
33                <category android:name="android.intent.category.LAUNCHER" />
33-->src/main/AndroidManifest.xml:9:5-65
33-->src/main/AndroidManifest.xml:9:15-62
34            </intent-filter>
35        </activity>
36
37        <provider
38            android:name="androidx.core.content.FileProvider"
38-->src/main/AndroidManifest.xml:12:13-62
39            android:authorities="com.yourname.finance.fileprovider"
39-->src/main/AndroidManifest.xml:12:63-114
40            android:exported="false"
40-->src/main/AndroidManifest.xml:12:115-139
41            android:grantUriPermissions="true" >
41-->src/main/AndroidManifest.xml:12:140-174
42            <meta-data
42-->src/main/AndroidManifest.xml:13:4-103
43                android:name="android.support.FILE_PROVIDER_PATHS"
43-->src/main/AndroidManifest.xml:13:15-65
44                android:resource="@xml/file_paths" />
44-->src/main/AndroidManifest.xml:13:66-100
45        </provider>
46        <provider
46-->[androidx.emoji2:emoji2:1.2.0] AndroidManifest.xml:24:9-32:20
47            android:name="androidx.startup.InitializationProvider"
47-->[androidx.emoji2:emoji2:1.2.0] AndroidManifest.xml:25:13-67
48            android:authorities="com.yourname.finance.androidx-startup"
48-->[androidx.emoji2:emoji2:1.2.0] AndroidManifest.xml:26:13-68
49            android:exported="false" >
49-->[androidx.emoji2:emoji2:1.2.0] AndroidManifest.xml:27:13-37
50            <meta-data
50-->[androidx.emoji2:emoji2:1.2.0] AndroidManifest.xml:29:13-31:52
51                android:name="androidx.emoji2.text.EmojiCompatInitializer"
51-->[androidx.emoji2:emoji2:1.2.0] AndroidManifest.xml:30:17-75
52                android:value="androidx.startup" />
52-->[androidx.emoji2:emoji2:1.2.0] AndroidManifest.xml:31:17-49
53            <meta-data
53-->[androidx.lifecycle:lifecycle-process:2.7.0] AndroidManifest.xml:29:13-31:52
54                android:name="androidx.lifecycle.ProcessLifecycleInitializer"
54-->[androidx.lifecycle:lifecycle-process:2.7.0] AndroidManifest.xml:30:17-78
55                android:value="androidx.startup" />
55-->[androidx.lifecycle:lifecycle-process:2.7.0] AndroidManifest.xml:31:17-49
56            <meta-data
56-->[androidx.profileinstaller:profileinstaller:1.3.0] AndroidManifest.xml:29:13-31:52
57                android:name="androidx.profileinstaller.ProfileInstallerInitializer"
57-->[androidx.profileinstaller:profileinstaller:1.3.0] AndroidManifest.xml:30:17-85
58                android:value="androidx.startup" />
58-->[androidx.profileinstaller:profileinstaller:1.3.0] AndroidManifest.xml:31:17-49
59        </provider>
60
61        <uses-library
61-->[androidx.window:window:1.0.0] AndroidManifest.xml:25:9-27:40
62            android:name="androidx.window.extensions"
62-->[androidx.window:window:1.0.0] AndroidManifest.xml:26:13-54
63            android:required="false" />
63-->[androidx.window:window:1.0.0] AndroidManifest.xml:27:13-37
64        <uses-library
64-->[androidx.window:window:1.0.0] AndroidManifest.xml:28:9-30:40
65            android:name="androidx.window.sidecar"
65-->[androidx.window:window:1.0.0] AndroidManifest.xml:29:13-51
66            android:required="false" />
66-->[androidx.window:window:1.0.0] AndroidManifest.xml:30:13-37
67
68        <service
68-->[androidx.room:room-runtime:2.6.1] AndroidManifest.xml:24:9-28:63
69            android:name="androidx.room.MultiInstanceInvalidationService"
69-->[androidx.room:room-runtime:2.6.1] AndroidManifest.xml:25:13-74
70            android:directBootAware="true"
70-->[androidx.room:room-runtime:2.6.1] AndroidManifest.xml:26:13-43
71            android:exported="false" />
71-->[androidx.room:room-runtime:2.6.1] AndroidManifest.xml:27:13-37
72
73        <receiver
73-->[androidx.profileinstaller:profileinstaller:1.3.0] AndroidManifest.xml:34:9-52:20
74            android:name="androidx.profileinstaller.ProfileInstallReceiver"
74-->[androidx.profileinstaller:profileinstaller:1.3.0] AndroidManifest.xml:35:13-76
75            android:directBootAware="false"
75-->[androidx.profileinstaller:profileinstaller:1.3.0] AndroidManifest.xml:36:13-44
76            android:enabled="true"
76-->[androidx.profileinstaller:profileinstaller:1.3.0] AndroidManifest.xml:37:13-35
77            android:exported="true"
77-->[androidx.profileinstaller:profileinstaller:1.3.0] AndroidManifest.xml:38:13-36
78            android:permission="android.permission.DUMP" >
78-->[androidx.profileinstaller:profileinstaller:1.3.0] AndroidManifest.xml:39:13-57
79            <intent-filter>
79-->[androidx.profileinstaller:profileinstaller:1.3.0] AndroidManifest.xml:40:13-42:29
80                <action android:name="androidx.profileinstaller.action.INSTALL_PROFILE" />
80-->[androidx.profileinstaller:profileinstaller:1.3.0] AndroidManifest.xml:41:17-91
80-->[androidx.profileinstaller:profileinstaller:1.3.0] AndroidManifest.xml:41:25-88
81            </intent-filter>
82            <intent-filter>
82-->[androidx.profileinstaller:profileinstaller:1.3.0] AndroidManifest.xml:43:13-45:29
83                <action android:name="androidx.profileinstaller.action.SKIP_FILE" />
83-->[androidx.profileinstaller:profileinstaller:1.3.0] AndroidManifest.xml:44:17-85
83-->[androidx.profileinstaller:profileinstaller:1.3.0] AndroidManifest.xml:44:25-82
84            </intent-filter>
85            <intent-filter>
85-->[androidx.profileinstaller:profileinstaller:1.3.0] AndroidManifest.xml:46:13-48:29
86                <action android:name="androidx.profileinstaller.action.SAVE_PROFILE" />
86-->[androidx.profileinstaller:profileinstaller:1.3.0] AndroidManifest.xml:47:17-88
86-->[androidx.profileinstaller:profileinstaller:1.3.0] AndroidManifest.xml:47:25-85
87            </intent-filter>
88            <intent-filter>
88-->[androidx.profileinstaller:profileinstaller:1.3.0] AndroidManifest.xml:49:13-51:29
89                <action android:name="androidx.profileinstaller.action.BENCHMARK_OPERATION" />
89-->[androidx.profileinstaller:profileinstaller:1.3.0] AndroidManifest.xml:50:17-95
89-->[androidx.profileinstaller:profileinstaller:1.3.0] AndroidManifest.xml:50:25-92
90            </intent-filter>
91        </receiver>
92    </application>
93
94</manifest>